#
# There is insufficient memory for the Java Runtime Environment to continue.
# Native memory allocation (mmap) failed to map 134217728 bytes for G1 virtual space
# Possible reasons:
#   The system is out of physical RAM or swap space
#   The process is running with CompressedOops enabled, and the Java Heap may be blocking the growth of the native heap
# Possible solutions:
#   Reduce memory load on the system
#   Increase physical memory or swap space
#   Check if swap backing store is full
#   Decrease Java heap size (-Xmx/-Xms)
#   Decrease number of Java threads
#   Decrease Java thread stack sizes (-Xss)
#   Set larger code cache with -XX:ReservedCodeCacheSize=
#   JVM is running with Unscaled Compressed Oops mode in which the Java heap is
#     placed in the first 4GB address space. The Java Heap base address is the
#     maximum limit for the native heap growth. Please use -XX:HeapBaseMinAddress
#     to set the Java Heap base and to place the Java Heap above 4GB virtual address.
# This output file may be truncated or incomplete.
#
#  Out of Memory Error (os_windows.cpp:3550), pid=9872, tid=4524
#
# JRE version:  (17.0.6+9) (build )
# Java VM: Java HotSpot(TM) 64-Bit Server VM (17.0.6+9-LTS-190, mixed mode, sharing, tiered, compressed oops, compressed class ptrs, g1 gc, windows-amd64)
# No core dump will be written. Minidumps are not enabled by default on client versions of Windows
#

---------------  S U M M A R Y ------------

Command Line: -javaagent:C:\Program Files\JetBrains\IntelliJ IDEA Community Edition 2022.3.2\lib\idea_rt.jar=51180:C:\Program Files\JetBrains\IntelliJ IDEA Community Edition 2022.3.2\bin -Dfile.encoding=UTF-8 SimpleJDBC

Host: Intel(R) Core(TM) i5-8250U CPU @ 1.60GHz, 8 cores, 7G,  Windows 11 , 64 bit Build 22621 (10.0.22621.1928)
Time: Sat Aug  5 17:31:17 2023 India Standard Time elapsed time: 0.763144 seconds (0d 0h 0m 0s)

---------------  T H R E A D  ---------------

Current thread (0x00000198afb88bc0):  JavaThread "Unknown thread" [_thread_in_vm, id=4524, stack(0x00000054d5800000,0x00000054d5900000)]

Stack: [0x00000054d5800000,0x00000054d5900000]
Native frames: (J=compiled Java code, j=interpreted, Vv=VM code, C=native code)
V  [jvm.dll+0x6734ea]
V  [jvm.dll+0x7d18f4]
V  [jvm.dll+0x7d309e]
V  [jvm.dll+0x7d3703]
V  [jvm.dll+0x2433c5]
V  [jvm.dll+0x6703f9]
V  [jvm.dll+0x664d32]
V  [jvm.dll+0x300086]
V  [jvm.dll+0x307606]
V  [jvm.dll+0x356c1e]
V  [jvm.dll+0x356e4f]
V  [jvm.dll+0x2d72e8]
V  [jvm.dll+0x2d8254]
V  [jvm.dll+0x7a33b1]
V  [jvm.dll+0x3647f1]
V  [jvm.dll+0x782839]
V  [jvm.dll+0x3e757f]
V  [jvm.dll+0x3e9001]
C  [jli.dll+0x5297]
C  [ucrtbase.dll+0x29363]
C  [KERNEL32.DLL+0x126ad]
C  [ntdll.dll+0x5aa68]


---------------  P R O C E S S  ---------------

Threads class SMR info:
_java_thread_list=0x00007ffbf333e958, length=0, elements={
}

Java Threads: ( => current thread )

Other Threads:
  0x00000198afbe3590 GCTaskThread "GC Thread#0" [stack: 0x00000054d5900000,0x00000054d5a00000] [id=3884]
  0x00000198afbf4210 ConcurrentGCThread "G1 Main Marker" [stack: 0x00000054d5a00000,0x00000054d5b00000] [id=14496]
  0x00000198afbf4d80 ConcurrentGCThread "G1 Conc#0" [stack: 0x00000054d5b00000,0x00000054d5c00000] [id=10284]

[error occurred during error reporting (printing all threads), id 0xc0000005, EXCEPTION_ACCESS_VIOLATION (0xc0000005) at pc=0x00007ffbf2b77f07]

VM state: not at safepoint (not fully initialized)

VM Mutex/Monitor currently owned by a thread:  ([mutex/lock_event])
[0x00000198afb850b0] Heap_lock - owner thread: 0x00000198afb88bc0

Heap address: 0x0000000081600000, size: 2026 MB, Compressed Oops mode: 32-bit

CDS archive(s) mapped at: [0x0000000000000000-0x0000000000000000-0x0000000000000000), size 0, SharedBaseAddress: 0x0000000800000000, ArchiveRelocationMode: 0.
Narrow klass base: 0x0000000000000000, Narrow klass shift: 0, Narrow klass range: 0x0

GC Precious Log:
<Empty>

Heap:
 garbage-first heap   total 0K, used 0K [0x0000000081600000, 0x0000000100000000)
  region size 1024K, 0 young (0K), 0 survivors (0K)

[error occurred during error reporting (printing heap information), id 0xc0000005, EXCEPTION_ACCESS_VIOLATION (0xc0000005) at pc=0x00007ffbf2f5c759]

GC Heap History (0 events):
No events

Deoptimization events (0 events):
No events

Classes unloaded (0 events):
No events

Classes redefined (0 events):
No events

Internal exceptions (0 events):
No events

VM Operations (0 events):
No events

Events (1 events):
Event: 0.104 Loaded shared library C:\Program Files\Java\jdk-17\bin\java.dll


Dynamic libraries:
0x00007ff660ce0000 - 0x00007ff660cf0000 	C:\Program Files\Java\jdk-17\bin\java.exe
0x00007ffc37d50000 - 0x00007ffc37f64000 	C:\WINDOWS\SYSTEM32\ntdll.dll
0x00007ffc36840000 - 0x00007ffc36902000 	C:\WINDOWS\System32\KERNEL32.DLL
0x00007ffc35390000 - 0x00007ffc35733000 	C:\WINDOWS\System32\KERNELBASE.dll
0x00007ffc35830000 - 0x00007ffc35941000 	C:\WINDOWS\System32\ucrtbase.dll
0x00007ffc10c40000 - 0x00007ffc10c58000 	C:\Program Files\Java\jdk-17\bin\jli.dll
0x00007ffc111f0000 - 0x00007ffc1120b000 	C:\Program Files\Java\jdk-17\bin\VCRUNTIME140.dll
0x00007ffc35e60000 - 0x00007ffc35f0e000 	C:\WINDOWS\System32\ADVAPI32.dll
0x00007ffc35c30000 - 0x00007ffc35cd7000 	C:\WINDOWS\System32\msvcrt.dll
0x00007ffc35d70000 - 0x00007ffc35e14000 	C:\WINDOWS\System32\sechost.dll
0x00007ffc36720000 - 0x00007ffc36837000 	C:\WINDOWS\System32\RPCRT4.dll
0x00007ffc37810000 - 0x00007ffc379ba000 	C:\WINDOWS\System32\USER32.dll
0x00007ffc15c10000 - 0x00007ffc15e9e000 	C:\WINDOWS\WinSxS\amd64_microsoft.windows.common-controls_6595b64144ccf1df_6.0.22621.1635_none_270f70857386168e\COMCTL32.dll
0x00007ffc35800000 - 0x00007ffc35826000 	C:\WINDOWS\System32\win32u.dll
0x00007ffc36910000 - 0x00007ffc36939000 	C:\WINDOWS\System32\GDI32.dll
0x00007ffc35270000 - 0x00007ffc35389000 	C:\WINDOWS\System32\gdi32full.dll
0x00007ffc351d0000 - 0x00007ffc3526a000 	C:\WINDOWS\System32\msvcp_win.dll
0x00007ffc2cc00000 - 0x00007ffc2cc0a000 	C:\WINDOWS\SYSTEM32\VERSION.dll
0x00007ffc35e20000 - 0x00007ffc35e51000 	C:\WINDOWS\System32\IMM32.DLL
0x00007ffc310a0000 - 0x00007ffc310ac000 	C:\Program Files\Java\jdk-17\bin\vcruntime140_1.dll
0x00007ffc10920000 - 0x00007ffc109ae000 	C:\Program Files\Java\jdk-17\bin\msvcp140.dll
0x00007ffbf2890000 - 0x00007ffbf3467000 	C:\Program Files\Java\jdk-17\bin\server\jvm.dll
0x00007ffc37a40000 - 0x00007ffc37a48000 	C:\WINDOWS\System32\PSAPI.DLL
0x00007ffc23330000 - 0x00007ffc23339000 	C:\WINDOWS\SYSTEM32\WSOCK32.dll
0x00007ffc157f0000 - 0x00007ffc15824000 	C:\WINDOWS\SYSTEM32\WINMM.dll
0x00007ffc35ce0000 - 0x00007ffc35d51000 	C:\WINDOWS\System32\WS2_32.dll
0x00007ffc34150000 - 0x00007ffc34168000 	C:\WINDOWS\SYSTEM32\kernel.appcore.dll
0x00007ffc2b8d0000 - 0x00007ffc2b8da000 	C:\Program Files\Java\jdk-17\bin\jimage.dll
0x00007ffc24ac0000 - 0x00007ffc24cee000 	C:\WINDOWS\SYSTEM32\DBGHELP.DLL
0x00007ffc36390000 - 0x00007ffc36719000 	C:\WINDOWS\System32\combase.dll
0x00007ffc36990000 - 0x00007ffc36a67000 	C:\WINDOWS\System32\OLEAUT32.dll
0x00007ffc24360000 - 0x00007ffc24392000 	C:\WINDOWS\SYSTEM32\dbgcore.DLL
0x00007ffc35150000 - 0x00007ffc351ca000 	C:\WINDOWS\System32\bcryptPrimitives.dll
0x00007ffc242c0000 - 0x00007ffc242ce000 	C:\Program Files\Java\jdk-17\bin\instrument.dll
0x00007ffc108f0000 - 0x00007ffc10915000 	C:\Program Files\Java\jdk-17\bin\java.dll

dbghelp: loaded successfully - version: 4.0.5 - missing functions: none
symbol engine: initialized successfully - sym options: 0x614 - pdb path: .;C:\Program Files\Java\jdk-17\bin;C:\WINDOWS\SYSTEM32;C:\WINDOWS\WinSxS\amd64_microsoft.windows.common-controls_6595b64144ccf1df_6.0.22621.1635_none_270f70857386168e;C:\Program Files\Java\jdk-17\bin\server

VM Arguments:
jvm_args: -javaagent:C:\Program Files\JetBrains\IntelliJ IDEA Community Edition 2022.3.2\lib\idea_rt.jar=51180:C:\Program Files\JetBrains\IntelliJ IDEA Community Edition 2022.3.2\bin -Dfile.encoding=UTF-8 
java_command: SimpleJDBC
java_class_path (initial): D:\ProjectStack\untitled\target\classes
Launcher Type: SUN_STANDARD

[Global flags]
     intx CICompilerCount                          = 4                                         {product} {ergonomic}
     uint ConcGCThreads                            = 2                                         {product} {ergonomic}
     uint G1ConcRefinementThreads                  = 8                                         {product} {ergonomic}
   size_t G1HeapRegionSize                         = 1048576                                   {product} {ergonomic}
    uintx GCDrainStackTargetSize                   = 64                                        {product} {ergonomic}
   size_t InitialHeapSize                          = 134217728                                 {product} {ergonomic}
   size_t MarkStackSize                            = 4194304                                   {product} {ergonomic}
   size_t MaxHeapSize                              = 2124414976                                {product} {ergonomic}
   size_t MinHeapDeltaBytes                        = 1048576                                   {product} {ergonomic}
   size_t MinHeapSize                              = 8388608                                   {product} {ergonomic}
    uintx NonNMethodCodeHeapSize                   = 5839372                                {pd product} {ergonomic}
    uintx NonProfiledCodeHeapSize                  = 122909434                              {pd product} {ergonomic}
    uintx ProfiledCodeHeapSize                     = 122909434                              {pd product} {ergonomic}
    uintx ReservedCodeCacheSize                    = 251658240                              {pd product} {ergonomic}
     bool SegmentedCodeCache                       = true                                      {product} {ergonomic}
   size_t SoftMaxHeapSize                          = 2124414976                             {manageable} {ergonomic}
     bool UseCompressedClassPointers               = true                           {product lp64_product} {ergonomic}
     bool UseCompressedOops                        = true                           {product lp64_product} {ergonomic}
     bool UseG1GC                                  = true                                      {product} {ergonomic}
     bool UseLargePagesIndividualAllocation        = false                                  {pd product} {ergonomic}

Logging:
Log output configuration:
 #0: stdout all=warning uptime,level,tags
 #1: stderr all=off uptime,level,tags

Environment Variables:
JAVA_HOME=C:\Program Files\Java\jdk-17
PATH=C:\Program Files\Common Files\Oracle\Java\javapath;C:\Python311\Scripts\;C:\Python311\;C:\WINDOWS\system32;C:\WINDOWS;C:\WINDOWS\System32\Wbem;C:\WINDOWS\System32\WindowsPowerShell\v1.0\;C:\WINDOWS\System32\OpenSSH\;C:\Program Files\nodejs\;C:\ProgramData\chocolatey\bin;C:\Program Files\apache-maven-3.9.0\bin;C:\Program Files\Git\cmd;C:\Program Files\Java\jdk-17\bin;C:\Program Files\MySQL\MySQL Shell 8.0\bin\;C:\Users\RITESH\AppData\Local\Microsoft\WindowsApps;C:\Users\RITESH\AppData\Local\Programs\Microsoft VS Code\bin;C:\Users\RITESH\AppData\Roaming\npm;
USERNAME=RITESH
OS=Windows_NT
PROCESSOR_IDENTIFIER=Intel64 Family 6 Model 142 Stepping 10, GenuineIntel



---------------  S Y S T E M  ---------------

OS:
 Windows 11 , 64 bit Build 22621 (10.0.22621.1928)
OS uptime: 2 days 18:19 hours
Hyper-V role detected

CPU: total 8 (initial active 8) (4 cores per cpu, 2 threads per core) family 6 model 142 stepping 10 microcode 0xe0, cx8, cmov, fxsr, ht, mmx, 3dnowpref, sse, sse2, sse3, ssse3, sse4.1, sse4.2, popcnt, lzcnt, tsc, tscinvbit, avx, avx2, aes, erms, clmul, bmi1, bmi2, adx, fma, vzeroupper, clflush, clflushopt, hv

Memory: 4k page, system-wide physical 8101M (318M free)
TotalPageFile size 32677M (AvailPageFile size 13M)
current process WorkingSet (physical memory assigned to process): 11M, peak: 11M
current process commit charge ("private bytes"): 60M, peak: 188M

vm_info: Java HotSpot(TM) 64-Bit Server VM (17.0.6+9-LTS-190) for windows-amd64 JRE (17.0.6+9-LTS-190), built on Dec  6 2022 15:53:54 by "mach5one" with MS VC++ 17.1 (VS2022)

END.
